<?xml version="1.0" encoding="UTF-8"?>
<!-- Generated by org.testng.reporters.JUnitXMLReporter -->
<testsuite hostname="QMAC0271.local" ignored="0" name="Default test" tests="1" failures="1" timestamp="2020-06-07T19:17:00 IST" time="7.454" errors="0">
  <testcase name="verfiyResposeBodyWithQueryParams" time="5.692" classname="com.qa.tests.GetReviewsApi">
    <failure type="com.fasterxml.jackson.databind.JsonMappingException" message="Can not deserialize instance of com.qa.util.ReviewsResponse$UserReviews out of START_ARRAY token
 at [Source: {&amp;quot;reviews_count&amp;quot;:2679,&amp;quot;reviews_start&amp;quot;:0,&amp;quot;reviews_shown&amp;quot;:5,&amp;quot;user_reviews&amp;quot;:[{&amp;quot;review&amp;quot;:{&amp;quot;rating&amp;quot;:3,&amp;quot;review_text&amp;quot;:&amp;quot;&amp;quot;,&amp;quot;id&amp;quot;:49240815,&amp;quot;rating_color&amp;quot;:&amp;quot;CDD614&amp;quot;,&amp;quot;review_time_friendly&amp;quot;:&amp;quot;6 days ago&amp;quot;,&amp;quot;rating_text&amp;quot;:&amp;quot;Average&amp;quot;,&amp;quot;timestamp&amp;quot;:1591029033,&amp;quot;likes&amp;quot;:0,&amp;quot;user&amp;quot;:{&amp;quot;name&amp;quot;:&amp;quot;Shirin V&amp;quot;,&amp;quot;zomato_handle&amp;quot;:&amp;quot;&amp;quot;,&amp;quot;foodie_color&amp;quot;:&amp;quot;ffd35d&amp;quot;,&amp;quot;profile_url&amp;quot;:&amp;quot;https:\/\/www.zomato.com\/users\/shirin-v-53238054?utm_source=api_basic_user&amp;amp;utm_medium=api&amp;amp;utm_campaign=v2.1&amp;quot;,&amp;quot;profile_image&amp;quot;:&amp;quot;https:\/\/b.zmtcdn.com\/images\/user_avatars\/pizza_2x.png?fit=around%7C200%3A200&amp;amp;crop=200%3A200%3B%2A%2C%2A&amp;quot;,&amp;quot;profile_deeplink&amp;quot;:&amp;quot;zomato:\/\/u\/53238054&amp;quot;},&amp;quot;comments_count&amp;quot;:0}},{&amp;quot;review&amp;quot;:{&amp;quot;rating&amp;quot;:5,&amp;quot;review_text&amp;quot;:&amp;quot;&amp;quot;,&amp;quot;id&amp;quot;:49227849,&amp;quot;rating_color&amp;quot;:&amp;quot;305D02&amp;quot;,&amp;quot;review_time_friendly&amp;quot;:&amp;quot;7 days ago&amp;quot;,&amp;quot;rating_text&amp;quot;:&amp;quot;Insane!&amp;quot;,&amp;quot;timestamp&amp;quot;:1590896682,&amp;quot;likes&amp;quot;:0,&amp;quot;user&amp;quot;:{&amp;quot;name&amp;quot;:&amp;quot;Hqnipun&amp;quot;,&amp;quot;foodie_color&amp;quot;:&amp;quot;ffd35d&amp;quot;,&amp;quot;profile_url&amp;quot;:&amp;quot;https:\/\/www.zomato.com\/users\/hqnipun-1454392?utm_source=api_basic_user&amp;amp;utm_medium=api&amp;amp;utm_campaign=v2.1&amp;quot;,&amp;quot;profile_image&amp;quot;:&amp;quot;https:\/\/b.zmtcdn.com\/data\/user_profile_pictures\/0ac\/04dc885212f5b862a88eb335769260ac.jpg?fit=around%7C100%3A100&amp;amp;crop=100%3A100%3B%2A%2C%2A&amp;quot;,&amp;quot;profile_deeplink&amp;quot;:&amp;quot;zomato:\/\/u\/1454392&amp;quot;},&amp;quot;comments_count&amp;quot;:0}},{&amp;quot;review&amp;quot;:{&amp;quot;rating&amp;quot;:4,&amp;quot;review_text&amp;quot;:&amp;quot;&amp;quot;,&amp;quot;id&amp;quot;:49222051,&amp;quot;rating_color&amp;quot;:&amp;quot;5BA829&amp;quot;,&amp;quot;review_time_friendly&amp;quot;:&amp;quot;8 days ago&amp;quot;,&amp;quot;rating_text&amp;quot;:&amp;quot;Great!&amp;quot;,&amp;quot;timestamp&amp;quot;:1590829193,&amp;quot;likes&amp;quot;:0,&amp;quot;user&amp;quot;:{&amp;quot;name&amp;quot;:&amp;quot;Disha Chopra&amp;quot;,&amp;quot;zomato_handle&amp;quot;:&amp;quot;&amp;quot;,&amp;quot;foodie_color&amp;quot;:&amp;quot;ffd35d&amp;quot;,&amp;quot;profile_url&amp;quot;:&amp;quot;https:\/\/www.zomato.com\/users\/disha-chopra-166256364?utm_source=api_basic_user&amp;amp;utm_medium=api&amp;amp;utm_campaign=v2.1&amp;quot;,&amp;quot;profile_image&amp;quot;:&amp;quot;https:\/\/b.zmtcdn.com\/images\/user_avatars\/mug_2x.png?fit=around%7C200%3A200&amp;amp;crop=200%3A200%3B%2A%2C%2A&amp;quot;,&amp;quot;profile_deeplink&amp;quot;:&amp;quot;zomato:\/\/u\/166256364&amp;quot;},&amp;quot;comments_count&amp;quot;:0}},{&amp;quot;review&amp;quot;:{&amp;quot;rating&amp;quot;:5,&amp;quot;review_text&amp;quot;:&amp;quot;&amp;quot;,&amp;quot;id&amp;quot;:49217010,&amp;quot;rating_color&amp;quot;:&amp;quot;305D02&amp;quot;,&amp;quot;review_time_friendly&amp;quot;:&amp;quot;9 days ago&amp;quot;,&amp;quot;rating_text&amp;quot;:&amp;quot;Insane!&amp;quot;,&amp;quot;timestamp&amp;quot;:1590758263,&amp;quot;likes&amp;quot;:0,&amp;quot;user&amp;quot;:{&amp;quot;name&amp;quot;:&amp;quot;Prem Shinde&amp;quot;,&amp;quot;foodie_color&amp;quot;:&amp;quot;ffd35d&amp;quot;,&amp;quot;profile_url&amp;quot;:&amp;quot;https:\/\/www.zomato.com\/users\/prem-shinde-32518346?utm_source=api_basic_user&amp;amp;utm_medium=api&amp;amp;utm_campaign=v2.1&amp;quot;,&amp;quot;profile_image&amp;quot;:&amp;quot;https:\/\/b.zmtcdn.com\/data\/user_profile_pictures\/e31\/627c38aeae196304f69b647549fb5e31.jpg?fit=around%7C100%3A100&amp;amp;crop=100%3A100%3B%2A%2C%2A&amp;quot;,&amp;quot;profile_deeplink&amp;quot;:&amp;quot;zomato:\/\/u\/32518346&amp;quot;},&amp;quot;comments_count&amp;quot;:0}},{&amp;quot;review&amp;quot;:{&amp;quot;rating&amp;quot;:5,&amp;quot;review_text&amp;quot;:&amp;quot;All have to wait for their turn, when you&amp;apos;re about to finish your repast, the next guy is hovering over your shoulder , waiting to take your table . Nevertheless one of the Modest places offering the best of best dosas , brilliant chutney and amazing coffee, definitely a must visit...Try and avoid weekends.&amp;quot;,&amp;quot;id&amp;quot;:49200721,&amp;quot;rating_color&amp;quot;:&amp;quot;305D02&amp;quot;,&amp;quot;review_time_friendly&amp;quot;:&amp;quot;12 days ago&amp;quot;,&amp;quot;rating_text&amp;quot;:&amp;quot;Insane!&amp;quot;,&amp;quot;timestamp&amp;quot;:1590519213,&amp;quot;likes&amp;quot;:0,&amp;quot;user&amp;quot;:{&amp;quot;name&amp;quot;:&amp;quot;Ritika&amp;quot;,&amp;quot;zomato_handle&amp;quot;:&amp;quot;&amp;quot;,&amp;quot;foodie_color&amp;quot;:&amp;quot;ffae4f&amp;quot;,&amp;quot;profile_url&amp;quot;:&amp;quot;https:\/\/www.zomato.com\/users\/ritika-5820661?utm_source=api_basic_user&amp;amp;utm_medium=api&amp;amp;utm_campaign=v2.1&amp;quot;,&amp;quot;profile_image&amp;quot;:&amp;quot;https:\/\/b.zmtcdn.com\/data\/user_profile_pictures\/ad5\/5486bdd115794c6c38b0859010830ad5.jpg?fit=around%7C100%3A100&amp;amp;crop=100%3A100%3B%2A%2C%2A&amp;quot;,&amp;quot;profile_deeplink&amp;quot;:&amp;quot;zomato:\/\/u\/5820661&amp;quot;},&amp;quot;comments_count&amp;quot;:0}}]}; line: 1, column: 58] (through reference chain: com.qa.util.ReviewsResponse[&amp;quot;user_reviews&amp;quot;])">
      <![CDATA[com.fasterxml.jackson.databind.JsonMappingException: Can not deserialize instance of com.qa.util.ReviewsResponse$UserReviews out of START_ARRAY token
 at [Source: {"reviews_count":2679,"reviews_start":0,"reviews_shown":5,"user_reviews":[{"review":{"rating":3,"review_text":"","id":49240815,"rating_color":"CDD614","review_time_friendly":"6 days ago","rating_text":"Average","timestamp":1591029033,"likes":0,"user":{"name":"Shirin V","zomato_handle":"","foodie_color":"ffd35d","profile_url":"https:\/\/www.zomato.com\/users\/shirin-v-53238054?utm_source=api_basic_user&utm_medium=api&utm_campaign=v2.1","profile_image":"https:\/\/b.zmtcdn.com\/images\/user_avatars\/pizza_2x.png?fit=around%7C200%3A200&crop=200%3A200%3B%2A%2C%2A","profile_deeplink":"zomato:\/\/u\/53238054"},"comments_count":0}},{"review":{"rating":5,"review_text":"","id":49227849,"rating_color":"305D02","review_time_friendly":"7 days ago","rating_text":"Insane!","timestamp":1590896682,"likes":0,"user":{"name":"Hqnipun","foodie_color":"ffd35d","profile_url":"https:\/\/www.zomato.com\/users\/hqnipun-1454392?utm_source=api_basic_user&utm_medium=api&utm_campaign=v2.1","profile_image":"https:\/\/b.zmtcdn.com\/data\/user_profile_pictures\/0ac\/04dc885212f5b862a88eb335769260ac.jpg?fit=around%7C100%3A100&crop=100%3A100%3B%2A%2C%2A","profile_deeplink":"zomato:\/\/u\/1454392"},"comments_count":0}},{"review":{"rating":4,"review_text":"","id":49222051,"rating_color":"5BA829","review_time_friendly":"8 days ago","rating_text":"Great!","timestamp":1590829193,"likes":0,"user":{"name":"Disha Chopra","zomato_handle":"","foodie_color":"ffd35d","profile_url":"https:\/\/www.zomato.com\/users\/disha-chopra-166256364?utm_source=api_basic_user&utm_medium=api&utm_campaign=v2.1","profile_image":"https:\/\/b.zmtcdn.com\/images\/user_avatars\/mug_2x.png?fit=around%7C200%3A200&crop=200%3A200%3B%2A%2C%2A","profile_deeplink":"zomato:\/\/u\/166256364"},"comments_count":0}},{"review":{"rating":5,"review_text":"","id":49217010,"rating_color":"305D02","review_time_friendly":"9 days ago","rating_text":"Insane!","timestamp":1590758263,"likes":0,"user":{"name":"Prem Shinde","foodie_color":"ffd35d","profile_url":"https:\/\/www.zomato.com\/users\/prem-shinde-32518346?utm_source=api_basic_user&utm_medium=api&utm_campaign=v2.1","profile_image":"https:\/\/b.zmtcdn.com\/data\/user_profile_pictures\/e31\/627c38aeae196304f69b647549fb5e31.jpg?fit=around%7C100%3A100&crop=100%3A100%3B%2A%2C%2A","profile_deeplink":"zomato:\/\/u\/32518346"},"comments_count":0}},{"review":{"rating":5,"review_text":"All have to wait for their turn, when you're about to finish your repast, the next guy is hovering over your shoulder , waiting to take your table . Nevertheless one of the Modest places offering the best of best dosas , brilliant chutney and amazing coffee, definitely a must visit...Try and avoid weekends.","id":49200721,"rating_color":"305D02","review_time_friendly":"12 days ago","rating_text":"Insane!","timestamp":1590519213,"likes":0,"user":{"name":"Ritika","zomato_handle":"","foodie_color":"ffae4f","profile_url":"https:\/\/www.zomato.com\/users\/ritika-5820661?utm_source=api_basic_user&utm_medium=api&utm_campaign=v2.1","profile_image":"https:\/\/b.zmtcdn.com\/data\/user_profile_pictures\/ad5\/5486bdd115794c6c38b0859010830ad5.jpg?fit=around%7C100%3A100&crop=100%3A100%3B%2A%2C%2A","profile_deeplink":"zomato:\/\/u\/5820661"},"comments_count":0}}]}; line: 1, column: 58] (through reference chain: com.qa.util.ReviewsResponse["user_reviews"])
at com.fasterxml.jackson.databind.JsonMappingException.from(JsonMappingException.java:148)
at com.fasterxml.jackson.databind.DeserializationContext.mappingException(DeserializationContext.java:857)
at com.fasterxml.jackson.databind.DeserializationContext.mappingException(DeserializationContext.java:853)
at com.fasterxml.jackson.databind.deser.BeanDeserializerBase.deserializeFromArray(BeanDeserializerBase.java:1257)
at com.fasterxml.jackson.databind.deser.BeanDeserializer._deserializeOther(BeanDeserializer.java:157)
at com.fasterxml.jackson.databind.deser.BeanDeserializer.deserialize(BeanDeserializer.java:136)
at com.fasterxml.jackson.databind.deser.SettableBeanProperty.deserialize(SettableBeanProperty.java:520)
at com.fasterxml.jackson.databind.deser.impl.MethodProperty.deserializeAndSet(MethodProperty.java:95)
at com.fasterxml.jackson.databind.deser.BeanDeserializer.vanillaDeserialize(BeanDeserializer.java:258)
at com.fasterxml.jackson.databind.deser.BeanDeserializer.deserialize(BeanDeserializer.java:125)
at com.fasterxml.jackson.databind.ObjectMapper._readMapAndClose(ObjectMapper.java:3736)
at com.fasterxml.jackson.databind.ObjectMapper.readValue(ObjectMapper.java:2726)
at com.qa.utils.DataRead.dataRead(DataRead.java:37)
at com.qa.tests.GetReviewsApi.verfiyResposeBodyWithQueryParams(GetReviewsApi.java:67)
at sun.reflect.NativeMethodAccessorImpl.invoke0(Native Method)
at sun.reflect.NativeMethodAccessorImpl.invoke(NativeMethodAccessorImpl.java:62)
at sun.reflect.DelegatingMethodAccessorImpl.invoke(DelegatingMethodAccessorImpl.java:43)
at java.lang.reflect.Method.invoke(Method.java:498)
at org.testng.internal.MethodInvocationHelper.invokeMethod(MethodInvocationHelper.java:134)
at org.testng.internal.TestInvoker.invokeMethod(TestInvoker.java:597)
at org.testng.internal.TestInvoker.invokeTestMethod(TestInvoker.java:173)
at org.testng.internal.MethodRunner.runInSequence(MethodRunner.java:46)
at org.testng.internal.TestInvoker$MethodInvocationAgent.invoke(TestInvoker.java:816)
at org.testng.internal.TestInvoker.invokeTestMethods(TestInvoker.java:146)
at org.testng.internal.TestMethodWorker.invokeTestMethods(TestMethodWorker.java:146)
at org.testng.internal.TestMethodWorker.run(TestMethodWorker.java:128)
at java.util.ArrayList.forEach(ArrayList.java:1257)
at org.testng.TestRunner.privateRun(TestRunner.java:766)
at org.testng.TestRunner.run(TestRunner.java:587)
at org.testng.SuiteRunner.runTest(SuiteRunner.java:384)
at org.testng.SuiteRunner.runSequentially(SuiteRunner.java:378)
at org.testng.SuiteRunner.privateRun(SuiteRunner.java:337)
at org.testng.SuiteRunner.run(SuiteRunner.java:286)
at org.testng.SuiteRunnerWorker.runSuite(SuiteRunnerWorker.java:53)
at org.testng.SuiteRunnerWorker.run(SuiteRunnerWorker.java:96)
at org.testng.TestNG.runSuitesSequentially(TestNG.java:1187)
at org.testng.TestNG.runSuitesLocally(TestNG.java:1109)
at org.testng.TestNG.runSuites(TestNG.java:1039)
at org.testng.TestNG.run(TestNG.java:1007)
at org.testng.remote.AbstractRemoteTestNG.run(AbstractRemoteTestNG.java:115)
at org.testng.remote.RemoteTestNG.initAndRun(RemoteTestNG.java:251)
at org.testng.remote.RemoteTestNG.main(RemoteTestNG.java:77)
]]>
    </failure>
  </testcase> <!-- verfiyResposeBodyWithQueryParams -->
</testsuite> <!-- Default test -->
