<?xml version="1.0" encoding="UTF-8"?>
<!-- Generated by org.testng.reporters.JUnitXMLReporter -->
<testsuite hostname="QMAC0271.local" ignored="0" name="API Automation" tests="11" failures="1" timestamp="2020-06-07T21:23:20 IST" time="14.724" errors="0">
  <testcase name="verifyStatusCodeAndStatusLine" time="0.024" classname="com.qa.tests.GetCitiesApi">
    <failure type="java.lang.AssertionError" message="expected [201] but found [200]">
      <![CDATA[java.lang.AssertionError: expected [201] but found [200]
at com.qa.tests.GetCitiesApi.verifyStatusCodeAndStatusLine(GetCitiesApi.java:67)
at java.util.ArrayList.forEach(ArrayList.java:1257)
... Removed 32 stack frames]]>
    </failure>
  </testcase> <!-- verifyStatusCodeAndStatusLine -->
  <testcase name="verifyCityID" time="0.231" classname="com.qa.tests.GetCitiesApi"/>
  <testcase name="verifyCountryFlagUrl" time="0.002" classname="com.qa.tests.GetCitiesApi"/>
  <testcase name="verifyStatusCodeWithoutApiKey" time="0.964" classname="com.qa.tests.GetCitiesApi2"/>
  <testcase name="verifyResponseBodyWithoutCityID" time="0.911" classname="com.qa.tests.GetCitiesApi2"/>
  <testcase name="getCityUsingLatLong" time="0.796" classname="com.qa.tests.GetCitiesApi2"/>
  <testcase name="getCityUsingQ" time="0.977" classname="com.qa.tests.GetCitiesApi2"/>
  <testcase name="getCityUsingSpecificCityName" time="1.15" classname="com.qa.tests.GetCitiesApi2"/>
  <testcase name="verfiyResposeBodyWithoutQueryParams" time="0.922" classname="com.qa.tests.GetLocationsApi"/>
  <testcase name="verfiyResposeBodyWithQueryParams" time="1.04" classname="com.qa.tests.GetLocationsApi"/>
  <testcase name="verfiyResposeBodyWithAllQueryParams" time="1.1" classname="com.qa.tests.GetLocationsApi"/>
</testsuite> <!-- API Automation -->
